<?xml version="1.0" encoding="utf-8"?><testsuites name="pytest tests"><testsuite name="pytest" errors="0" failures="1" skipped="0" tests="13" time="1.581" timestamp="2025-12-31T16:49:50.637539+00:00" hostname="agent-env-f687ce82-707d-4459-8713-9a2b697034d1"><testcase classname="tests.test_export_fixes.TestPPTXBilanPartenaireMultiProgramme" name="test_pptx_export_returns_200" time="0.496" /><testcase classname="tests.test_export_fixes.TestPPTXBilanPartenaireMultiProgramme" name="test_pptx_has_correct_slide_count_for_multi_programme" time="0.238" /><testcase classname="tests.test_export_fixes.TestPPTXBilanPartenaireMultiProgramme" name="test_pptx_slides_contain_programme_names" time="0.201" /><testcase classname="tests.test_export_fixes.TestPDFIncidentReportWordWrap" name="test_pdf_export_returns_200" time="0.027" /><testcase classname="tests.test_export_fixes.TestPDFIncidentReportWordWrap" name="test_pdf_is_valid_and_readable" time="0.030" /><testcase classname="tests.test_export_fixes.TestPDFIncidentReportWordWrap" name="test_pdf_contains_incident_data" time="0.031" /><testcase classname="tests.test_export_fixes.TestAPIEndpointsHealth" name="test_api_root_accessible" time="0.040" /><testcase classname="tests.test_export_fixes.TestAPIEndpointsHealth" name="test_login_works" time="0.257" /><testcase classname="tests.test_export_fixes.TestAPIEndpointsHealth" name="test_partenaires_endpoint" time="0.018" /><testcase classname="tests.test_export_fixes.TestAPIEndpointsHealth" name="test_programmes_endpoint" time="0.006" /><testcase classname="tests.test_export_fixes.TestAzurevaPartenaireData" name="test_azureva_exists" time="0.047" /><testcase classname="tests.test_export_fixes.TestAzurevaPartenaireData" name="test_azureva_has_7_programmes" time="0.007" /><testcase classname="tests.test_export_fixes.TestAlertePDFData" name="test_alerte_exists_for_test" time="0.022"><failure message="assert 520 == 200&#10; +  where 520 = &lt;Response [520]&gt;.status_code">tests/test_export_fixes.py:303: in test_alerte_exists_for_test
    assert response.status_code == 200
E   assert 520 == 200
E    +  where 520 = &lt;Response [520]&gt;.status_code</failure></testcase></testsuite></testsuites>